{"name": "Отображение заказа пользователя из раздела История заказов на странице Лента заказов", "status": "broken", "statusDetails": {"message": "selenium.common.exceptions.TimeoutException: Message:", "trace": "self = <tests.test_order_feed_page.TestOrderFeedPage object at 0x0000017C2D1703E0>\ndriver_wrapper = (<selenium.webdriver.firefox.webdriver.WebDriver (session=\"a20b287d-8e51-4ece-81fd-5f37476083e3\")>, {'email': 'byriex@test.ts', 'name': 'zybeyiznmz', 'password': 'ubodewzdnw'})\n\n    @allure.title('Отображение заказа пользователя из раздела История заказов на странице Лента заказов')\n    def test_order_in_order_feed(self, driver_wrapper):\n        driver = Helpers.get_driver(driver_wrapper)\n        driver.get(LOGIN_PAGE)\n    \n        Helpers.login_user(*driver_wrapper)\n    \n        main_page = MainPage(driver)\n>       Helpers.create_order(main_page)\n\ntests\\test_order_feed_page.py:37: \n_ _ _ _ _ _ _ _ _ _ _ _ _ _ _ _ _ _ _ _ _ _ _ _ _ _ _ _ _ _ _ _ _ _ _ _ _ _ _ _ _ _ _ _ _ _ _ _ _ _ _ _ _ _ _ _ _ _ _ _ _ _ _ _ _ _ _ _ _ _ _ _ _ _ _ _ _ _ _ _ _ _ _ _ _ _ _ _ _ _ _ _ _ _ _ _ _ _ _ _ _ _ _ _ _ _ _ _ _ _ _ _ _ _\nhelpers.py:69: in create_order\n    main_page.wait_order_id_in_modal()\npages\\main_page.py:54: in wait_order_id_in_modal\n    self.wait_element_with_non_condition(MainPageLocators.ORDER_ID_IN_MODAL, '9999')\npages\\base_page.py:27: in wait_element_with_non_condition\n    WebDriverWait(self.driver, 10).until(\n_ _ _ _ _ _ _ _ _ _ _ _ _ _ _ _ _ _ _ _ _ _ _ _ _ _ _ _ _ _ _ _ _ _ _ _ _ _ _ _ _ _ _ _ _ _ _ _ _ _ _ _ _ _ _ _ _ _ _ _ _ _ _ _ _ _ _ _ _ _ _ _ _ _ _ _ _ _ _ _ _ _ _ _ _ _ _ _ _ _ _ _ _ _ _ _ _ _ _ _ _ _ _ _ _ _ _ _ _ _ _ _ _ _\n\nself = <selenium.webdriver.support.wait.WebDriverWait (session=\"a20b287d-8e51-4ece-81fd-5f37476083e3\")>, method = <function BasePage.wait_element_with_non_condition.<locals>.<lambda> at 0x0000017C2D17E980>, message = ''\n\n    def until(self, method: Callable[[D], Union[Literal[False], T]], message: str = \"\") -> T:\n        \"\"\"Calls the method provided with the driver as an argument until the \\\n        return value does not evaluate to ``False``.\n    \n        :param method: callable(WebDriver)\n        :param message: optional message for :exc:`TimeoutException`\n        :returns: the result of the last call to `method`\n        :raises: :exc:`selenium.common.exceptions.TimeoutException` if timeout occurs\n        \"\"\"\n        screen = None\n        stacktrace = None\n    \n        end_time = time.monotonic() + self._timeout\n        while True:\n            try:\n                value = method(self._driver)\n                if value:\n                    return value\n            except self._ignored_exceptions as exc:\n                screen = getattr(exc, \"screen\", None)\n                stacktrace = getattr(exc, \"stacktrace\", None)\n            time.sleep(self._poll)\n            if time.monotonic() > end_time:\n                break\n>       raise TimeoutException(message, screen, stacktrace)\nE       selenium.common.exceptions.TimeoutException: Message:\n\n..\\..\\..\\AppData\\Local\\Packages\\PythonSoftwareFoundation.Python.3.12_qbz5n2kfra8p0\\LocalCache\\local-packages\\Python312\\site-packages\\selenium\\webdriver\\support\\wait.py:105: TimeoutException"}, "steps": [{"name": "Ввод почты в поле", "status": "passed", "steps": [{"name": "Ввод текста", "status": "passed", "steps": [{"name": "Поиск элемента", "status": "passed", "steps": [{"name": "Ожидание появления элемента на странице", "status": "passed", "parameters": [{"name": "locator", "value": "('name', 'name')"}], "start": 1723673354004, "stop": 1723673354019}], "parameters": [{"name": "locator", "value": "('name', 'name')"}], "start": 1723673354004, "stop": 1723673354020}], "parameters": [{"name": "locator", "value": "('name', 'name')"}, {"name": "text", "value": "'byriex@test.ts'"}], "start": 1723673354004, "stop": 1723673354070}], "parameters": [{"name": "email", "value": "'byriex@test.ts'"}], "start": 1723673354004, "stop": 1723673354070}, {"name": "Ввод пароля в поле", "status": "passed", "steps": [{"name": "Ввод текста", "status": "passed", "steps": [{"name": "Поиск элемента", "status": "passed", "steps": [{"name": "Ожидание появления элемента на странице", "status": "passed", "parameters": [{"name": "locator", "value": "('name', 'Пароль')"}], "start": 1723673354070, "stop": 1723673354079}], "parameters": [{"name": "locator", "value": "('name', 'Пароль')"}], "start": 1723673354070, "stop": 1723673354085}], "parameters": [{"name": "locator", "value": "('name', 'Пароль')"}, {"name": "text", "value": "'ubodewzdnw'"}], "start": 1723673354070, "stop": 1723673354097}], "parameters": [{"name": "password", "value": "'ubodewzdnw'"}], "start": 1723673354070, "stop": 1723673354097}, {"name": "Клик на кнопку Войти", "status": "passed", "steps": [{"name": "Клик на элемент", "status": "passed", "steps": [{"name": "Ожидание кликабельности элемента на странице", "status": "passed", "parameters": [{"name": "locator", "value": "('xpath', './/button[starts-with(@class, \"button_button\")]')"}], "start": 1723673354097, "stop": 1723673354620}], "parameters": [{"name": "locator", "value": "('xpath', './/button[starts-with(@class, \"button_button\")]')"}], "start": 1723673354097, "stop": 1723673354835}], "start": 1723673354097, "stop": 1723673354835}, {"name": "Добавление ингредиента в корзину", "status": "passed", "steps": [{"name": "Drag and Drop", "status": "passed", "steps": [{"name": "Поиск элемента", "status": "passed", "steps": [{"name": "Ожидание появления элемента на странице", "status": "passed", "parameters": [{"name": "locator", "value": "('xpath', './/p[text()=\"Флюоресцентная булка R2-D3\"]')"}], "start": 1723673354835, "stop": 1723673354842}], "parameters": [{"name": "locator", "value": "('xpath', './/p[text()=\"Флюоресцентная булка R2-D3\"]')"}], "start": 1723673354835, "stop": 1723673354843}, {"name": "Поиск элемента", "status": "passed", "steps": [{"name": "Ожидание появления элемента на странице", "status": "passed", "parameters": [{"name": "locator", "value": "('xpath', './/section[starts-with(@class, \"BurgerConstructor_basket\")]')"}], "start": 1723673354844, "stop": 1723673354852}], "parameters": [{"name": "locator", "value": "('xpath', './/section[starts-with(@class, \"BurgerConstructor_basket\")]')"}], "start": 1723673354844, "stop": 1723673354853}], "parameters": [{"name": "draggable_locator", "value": "('xpath', './/p[text()=\"Флюоресцентная булка R2-D3\"]')"}, {"name": "droppable_locator", "value": "('xpath', './/section[starts-with(@class, \"BurgerConstructor_basket\")]')"}], "start": 1723673354835, "stop": 1723673355403}], "start": 1723673354835, "stop": 1723673355403}, {"name": "Клик по кнопке Оформить заказ", "status": "passed", "steps": [{"name": "Клик на элемент", "status": "passed", "steps": [{"name": "Ожидание кликабельности элемента на странице", "status": "passed", "parameters": [{"name": "locator", "value": "('xpath', './/button[text()=\"Оформить заказ\"]')"}], "start": 1723673355403, "stop": 1723673355415}], "parameters": [{"name": "locator", "value": "('xpath', './/button[text()=\"Оформить заказ\"]')"}], "start": 1723673355403, "stop": 1723673355626}], "start": 1723673355403, "stop": 1723673355626}, {"name": "Ожидание присвоения идентификатора заказу в модальном окне Заказа", "status": "broken", "statusDetails": {"message": "selenium.common.exceptions.TimeoutException: Message: \n\n", "trace": "  File \"C:\\Users\\Lapka\\AppData\\Local\\Packages\\PythonSoftwareFoundation.Python.3.12_qbz5n2kfra8p0\\LocalCache\\local-packages\\Python312\\site-packages\\allure_commons\\_allure.py\", line 192, in impl\n    return func(*a, **kw)\n           ^^^^^^^^^^^^^^\n  File \"C:\\Users\\Lapka\\Desktop\\pikachu\\Diplom_3\\pages\\main_page.py\", line 54, in wait_order_id_in_modal\n    self.wait_element_with_non_condition(MainPageLocators.ORDER_ID_IN_MODAL, '9999')\n  File \"C:\\Users\\Lapka\\AppData\\Local\\Packages\\PythonSoftwareFoundation.Python.3.12_qbz5n2kfra8p0\\LocalCache\\local-packages\\Python312\\site-packages\\allure_commons\\_allure.py\", line 192, in impl\n    return func(*a, **kw)\n           ^^^^^^^^^^^^^^\n  File \"C:\\Users\\Lapka\\Desktop\\pikachu\\Diplom_3\\pages\\base_page.py\", line 27, in wait_element_with_non_condition\n    WebDriverWait(self.driver, 10).until(\n  File \"C:\\Users\\Lapka\\AppData\\Local\\Packages\\PythonSoftwareFoundation.Python.3.12_qbz5n2kfra8p0\\LocalCache\\local-packages\\Python312\\site-packages\\selenium\\webdriver\\support\\wait.py\", line 105, in until\n    raise TimeoutException(message, screen, stacktrace)\n"}, "steps": [{"name": "Ожидание появления элемента на странице с условием неравенства", "status": "broken", "statusDetails": {"message": "selenium.common.exceptions.TimeoutException: Message: \n\n", "trace": "  File \"C:\\Users\\Lapka\\AppData\\Local\\Packages\\PythonSoftwareFoundation.Python.3.12_qbz5n2kfra8p0\\LocalCache\\local-packages\\Python312\\site-packages\\allure_commons\\_allure.py\", line 192, in impl\n    return func(*a, **kw)\n           ^^^^^^^^^^^^^^\n  File \"C:\\Users\\Lapka\\Desktop\\pikachu\\Diplom_3\\pages\\base_page.py\", line 27, in wait_element_with_non_condition\n    WebDriverWait(self.driver, 10).until(\n  File \"C:\\Users\\Lapka\\AppData\\Local\\Packages\\PythonSoftwareFoundation.Python.3.12_qbz5n2kfra8p0\\LocalCache\\local-packages\\Python312\\site-packages\\selenium\\webdriver\\support\\wait.py\", line 105, in until\n    raise TimeoutException(message, screen, stacktrace)\n"}, "parameters": [{"name": "locator", "value": "('xpath', './/div[starts-with(@class, \"Modal_modal__contentBox\")]/h2')"}, {"name": "condition", "value": "'9999'"}], "start": 1723673355626, "stop": 1723673365782}], "start": 1723673355626, "stop": 1723673365783}], "parameters": [{"name": "driver_wrapper", "value": "'firefox'"}], "start": 1723673353450, "stop": 1723673365784, "uuid": "2b237caf-2649-4691-bfbb-65bab5fef2bb", "historyId": "3745a1d065cd15f24fcd5a4f7aedd44a", "testCaseId": "af148e6b62d09279bdd9ef223f2266a4", "fullName": "tests.test_order_feed_page.TestOrderFeedPage#test_order_in_order_feed", "labels": [{"name": "parentSuite", "value": "tests"}, {"name": "suite", "value": "test_order_feed_page"}, {"name": "subSuite", "value": "TestOrderFeedPage"}, {"name": "host", "value": "DESKTOP-0TG4V14"}, {"name": "thread", "value": "16064-MainThread"}, {"name": "framework", "value": "pytest"}, {"name": "language", "value": "cpython3"}, {"name": "package", "value": "tests.test_order_feed_page"}]}