{"name": "Увеличение счётчика Выполнено за сегодня при создании нового заказа", "status": "broken", "statusDetails": {"message": "selenium.common.exceptions.TimeoutException: Message:", "trace": "self = <tests.test_order_feed_page.TestOrderFeedPage object at 0x0000017C2D170980>\ndriver_wrapper = (<selenium.webdriver.firefox.webdriver.WebDriver (session=\"07f30a62-9c6b-4fef-b726-efe52303b5d6\")>, {'email': 'fdshvj@test.ts', 'name': 'xxalvhbdak', 'password': 'jpkpsvizzh'})\n\n    @allure.title('Увеличение счётчика Выполнено за сегодня при создании нового заказа')\n    def test_increase_counter_today(self, driver_wrapper):\n        driver = Helpers.get_driver(driver_wrapper)\n        driver.get(LOGIN_PAGE)\n    \n        Helpers.login_user(*driver_wrapper)\n    \n        main_page = MainPage(driver)\n        main_page.click_to_order_feed_button()\n    \n        order_feed_page = OrderFeedPage(driver)\n        old_count = order_feed_page.get_today_orders_count()\n        order_feed_page.click_to_constructor_button()\n    \n>       Helpers.create_order(main_page)\n\ntests\\test_order_feed_page.py:85: \n_ _ _ _ _ _ _ _ _ _ _ _ _ _ _ _ _ _ _ _ _ _ _ _ _ _ _ _ _ _ _ _ _ _ _ _ _ _ _ _ _ _ _ _ _ _ _ _ _ _ _ _ _ _ _ _ _ _ _ _ _ _ _ _ _ _ _ _ _ _ _ _ _ _ _ _ _ _ _ _ _ _ _ _ _ _ _ _ _ _ _ _ _ _ _ _ _ _ _ _ _ _ _ _ _ _ _ _ _ _ _ _ _ _\nhelpers.py:69: in create_order\n    main_page.wait_order_id_in_modal()\npages\\main_page.py:54: in wait_order_id_in_modal\n    self.wait_element_with_non_condition(MainPageLocators.ORDER_ID_IN_MODAL, '9999')\npages\\base_page.py:27: in wait_element_with_non_condition\n    WebDriverWait(self.driver, 10).until(\n_ _ _ _ _ _ _ _ _ _ _ _ _ _ _ _ _ _ _ _ _ _ _ _ _ _ _ _ _ _ _ _ _ _ _ _ _ _ _ _ _ _ _ _ _ _ _ _ _ _ _ _ _ _ _ _ _ _ _ _ _ _ _ _ _ _ _ _ _ _ _ _ _ _ _ _ _ _ _ _ _ _ _ _ _ _ _ _ _ _ _ _ _ _ _ _ _ _ _ _ _ _ _ _ _ _ _ _ _ _ _ _ _ _\n\nself = <selenium.webdriver.support.wait.WebDriverWait (session=\"07f30a62-9c6b-4fef-b726-efe52303b5d6\")>, method = <function BasePage.wait_element_with_non_condition.<locals>.<lambda> at 0x0000017C2D4011C0>, message = ''\n\n    def until(self, method: Callable[[D], Union[Literal[False], T]], message: str = \"\") -> T:\n        \"\"\"Calls the method provided with the driver as an argument until the \\\n        return value does not evaluate to ``False``.\n    \n        :param method: callable(WebDriver)\n        :param message: optional message for :exc:`TimeoutException`\n        :returns: the result of the last call to `method`\n        :raises: :exc:`selenium.common.exceptions.TimeoutException` if timeout occurs\n        \"\"\"\n        screen = None\n        stacktrace = None\n    \n        end_time = time.monotonic() + self._timeout\n        while True:\n            try:\n                value = method(self._driver)\n                if value:\n                    return value\n            except self._ignored_exceptions as exc:\n                screen = getattr(exc, \"screen\", None)\n                stacktrace = getattr(exc, \"stacktrace\", None)\n            time.sleep(self._poll)\n            if time.monotonic() > end_time:\n                break\n>       raise TimeoutException(message, screen, stacktrace)\nE       selenium.common.exceptions.TimeoutException: Message:\n\n..\\..\\..\\AppData\\Local\\Packages\\PythonSoftwareFoundation.Python.3.12_qbz5n2kfra8p0\\LocalCache\\local-packages\\Python312\\site-packages\\selenium\\webdriver\\support\\wait.py:105: TimeoutException"}, "steps": [{"name": "Ввод почты в поле", "status": "passed", "steps": [{"name": "Ввод текста", "status": "passed", "steps": [{"name": "Поиск элемента", "status": "passed", "steps": [{"name": "Ожидание появления элемента на странице", "status": "passed", "parameters": [{"name": "locator", "value": "('name', 'name')"}], "start": 1723673427977, "stop": 1723673427993}], "parameters": [{"name": "locator", "value": "('name', 'name')"}], "start": 1723673427977, "stop": 1723673427994}], "parameters": [{"name": "locator", "value": "('name', 'name')"}, {"name": "text", "value": "'fdshvj@test.ts'"}], "start": 1723673427977, "stop": 1723673428045}], "parameters": [{"name": "email", "value": "'fdshvj@test.ts'"}], "start": 1723673427977, "stop": 1723673428045}, {"name": "Ввод пароля в поле", "status": "passed", "steps": [{"name": "Ввод текста", "status": "passed", "steps": [{"name": "Поиск элемента", "status": "passed", "steps": [{"name": "Ожидание появления элемента на странице", "status": "passed", "parameters": [{"name": "locator", "value": "('name', 'Пароль')"}], "start": 1723673428045, "stop": 1723673428054}], "parameters": [{"name": "locator", "value": "('name', 'Пароль')"}], "start": 1723673428045, "stop": 1723673428060}], "parameters": [{"name": "locator", "value": "('name', 'Пароль')"}, {"name": "text", "value": "'jpkpsvizzh'"}], "start": 1723673428045, "stop": 1723673428072}], "parameters": [{"name": "password", "value": "'jpkpsvizzh'"}], "start": 1723673428045, "stop": 1723673428072}, {"name": "Клик на кнопку Войти", "status": "passed", "steps": [{"name": "Клик на элемент", "status": "passed", "steps": [{"name": "Ожидание кликабельности элемента на странице", "status": "passed", "parameters": [{"name": "locator", "value": "('xpath', './/button[starts-with(@class, \"button_button\")]')"}], "start": 1723673428072, "stop": 1723673428592}], "parameters": [{"name": "locator", "value": "('xpath', './/button[starts-with(@class, \"button_button\")]')"}], "start": 1723673428072, "stop": 1723673428806}], "start": 1723673428072, "stop": 1723673428806}, {"name": "Клик по кнопке Лента Заказов", "status": "passed", "steps": [{"name": "Клик на элемент", "status": "passed", "steps": [{"name": "Ожидание кликабельности элемента на странице", "status": "passed", "parameters": [{"name": "locator", "value": "('xpath', './/p[text()=\"Лента Заказов\"]/parent::a')"}], "start": 1723673428806, "stop": 1723673428819}], "parameters": [{"name": "locator", "value": "('xpath', './/p[text()=\"Лента Заказов\"]/parent::a')"}], "start": 1723673428806, "stop": 1723673429044}], "start": 1723673428806, "stop": 1723673429044}, {"name": "Получение количества заказов за сегодня", "status": "passed", "steps": [{"name": "Получение текста с элемента", "status": "passed", "steps": [{"name": "Поиск элемента", "status": "passed", "steps": [{"name": "Ожидание появления элемента на странице", "status": "passed", "parameters": [{"name": "locator", "value": "('xpath', './/p[text()=\"Выполнено за сегодня:\"]/parent::div/p[starts-with(@class, \"OrderFeed_number\")]')"}], "start": 1723673429045, "stop": 1723673429554}], "parameters": [{"name": "locator", "value": "('xpath', './/p[text()=\"Выполнено за сегодня:\"]/parent::div/p[starts-with(@class, \"OrderFeed_number\")]')"}], "start": 1723673429045, "stop": 1723673429555}], "parameters": [{"name": "locator", "value": "('xpath', './/p[text()=\"Выполнено за сегодня:\"]/parent::div/p[starts-with(@class, \"OrderFeed_number\")]')"}], "start": 1723673429045, "stop": 1723673429560}], "start": 1723673429044, "stop": 1723673429560}, {"name": "Клик на кнопку Конструктор", "status": "passed", "steps": [{"name": "Клик на элемент", "status": "passed", "steps": [{"name": "Ожидание кликабельности элемента на странице", "status": "passed", "parameters": [{"name": "locator", "value": "('xpath', '//p[text()=\"Конструктор\"]/parent::a')"}], "start": 1723673429560, "stop": 1723673429573}], "parameters": [{"name": "locator", "value": "('xpath', '//p[text()=\"Конструктор\"]/parent::a')"}], "start": 1723673429560, "stop": 1723673429794}], "start": 1723673429560, "stop": 1723673429794}, {"name": "Добавление ингредиента в корзину", "status": "passed", "steps": [{"name": "Drag and Drop", "status": "passed", "steps": [{"name": "Поиск элемента", "status": "passed", "steps": [{"name": "Ожидание появления элемента на странице", "status": "passed", "parameters": [{"name": "locator", "value": "('xpath', './/p[text()=\"Флюоресцентная булка R2-D3\"]')"}], "start": 1723673429794, "stop": 1723673429800}], "parameters": [{"name": "locator", "value": "('xpath', './/p[text()=\"Флюоресцентная булка R2-D3\"]')"}], "start": 1723673429794, "stop": 1723673429802}, {"name": "Поиск элемента", "status": "passed", "steps": [{"name": "Ожидание появления элемента на странице", "status": "passed", "parameters": [{"name": "locator", "value": "('xpath', './/section[starts-with(@class, \"BurgerConstructor_basket\")]')"}], "start": 1723673429803, "stop": 1723673429808}], "parameters": [{"name": "locator", "value": "('xpath', './/section[starts-with(@class, \"BurgerConstructor_basket\")]')"}], "start": 1723673429803, "stop": 1723673429809}], "parameters": [{"name": "draggable_locator", "value": "('xpath', './/p[text()=\"Флюоресцентная булка R2-D3\"]')"}, {"name": "droppable_locator", "value": "('xpath', './/section[starts-with(@class, \"BurgerConstructor_basket\")]')"}], "start": 1723673429794, "stop": 1723673430367}], "start": 1723673429794, "stop": 1723673430367}, {"name": "Клик по кнопке Оформить заказ", "status": "passed", "steps": [{"name": "Клик на элемент", "status": "passed", "steps": [{"name": "Ожидание кликабельности элемента на странице", "status": "passed", "parameters": [{"name": "locator", "value": "('xpath', './/button[text()=\"Оформить заказ\"]')"}], "start": 1723673430367, "stop": 1723673430382}], "parameters": [{"name": "locator", "value": "('xpath', './/button[text()=\"Оформить заказ\"]')"}], "start": 1723673430367, "stop": 1723673430591}], "start": 1723673430367, "stop": 1723673430591}, {"name": "Ожидание присвоения идентификатора заказу в модальном окне Заказа", "status": "broken", "statusDetails": {"message": "selenium.common.exceptions.TimeoutException: Message: \n\n", "trace": "  File \"C:\\Users\\Lapka\\AppData\\Local\\Packages\\PythonSoftwareFoundation.Python.3.12_qbz5n2kfra8p0\\LocalCache\\local-packages\\Python312\\site-packages\\allure_commons\\_allure.py\", line 192, in impl\n    return func(*a, **kw)\n           ^^^^^^^^^^^^^^\n  File \"C:\\Users\\Lapka\\Desktop\\pikachu\\Diplom_3\\pages\\main_page.py\", line 54, in wait_order_id_in_modal\n    self.wait_element_with_non_condition(MainPageLocators.ORDER_ID_IN_MODAL, '9999')\n  File \"C:\\Users\\Lapka\\AppData\\Local\\Packages\\PythonSoftwareFoundation.Python.3.12_qbz5n2kfra8p0\\LocalCache\\local-packages\\Python312\\site-packages\\allure_commons\\_allure.py\", line 192, in impl\n    return func(*a, **kw)\n           ^^^^^^^^^^^^^^\n  File \"C:\\Users\\Lapka\\Desktop\\pikachu\\Diplom_3\\pages\\base_page.py\", line 27, in wait_element_with_non_condition\n    WebDriverWait(self.driver, 10).until(\n  File \"C:\\Users\\Lapka\\AppData\\Local\\Packages\\PythonSoftwareFoundation.Python.3.12_qbz5n2kfra8p0\\LocalCache\\local-packages\\Python312\\site-packages\\selenium\\webdriver\\support\\wait.py\", line 105, in until\n    raise TimeoutException(message, screen, stacktrace)\n"}, "steps": [{"name": "Ожидание появления элемента на странице с условием неравенства", "status": "broken", "statusDetails": {"message": "selenium.common.exceptions.TimeoutException: Message: \n\n", "trace": "  File \"C:\\Users\\Lapka\\AppData\\Local\\Packages\\PythonSoftwareFoundation.Python.3.12_qbz5n2kfra8p0\\LocalCache\\local-packages\\Python312\\site-packages\\allure_commons\\_allure.py\", line 192, in impl\n    return func(*a, **kw)\n           ^^^^^^^^^^^^^^\n  File \"C:\\Users\\Lapka\\Desktop\\pikachu\\Diplom_3\\pages\\base_page.py\", line 27, in wait_element_with_non_condition\n    WebDriverWait(self.driver, 10).until(\n  File \"C:\\Users\\Lapka\\AppData\\Local\\Packages\\PythonSoftwareFoundation.Python.3.12_qbz5n2kfra8p0\\LocalCache\\local-packages\\Python312\\site-packages\\selenium\\webdriver\\support\\wait.py\", line 105, in until\n    raise TimeoutException(message, screen, stacktrace)\n"}, "parameters": [{"name": "locator", "value": "('xpath', './/div[starts-with(@class, \"Modal_modal__contentBox\")]/h2')"}, {"name": "condition", "value": "'9999'"}], "start": 1723673430591, "stop": 1723673440749}], "start": 1723673430591, "stop": 1723673440749}], "parameters": [{"name": "driver_wrapper", "value": "'firefox'"}], "start": 1723673427365, "stop": 1723673440750, "uuid": "fea5b5b3-23dd-4ee3-8354-b45ebd43ed4f", "historyId": "79b31d1b8b04975b48291d7da40cac46", "testCaseId": "c9e0af223fccd7593de05ebd9d1713b6", "fullName": "tests.test_order_feed_page.TestOrderFeedPage#test_increase_counter_today", "labels": [{"name": "parentSuite", "value": "tests"}, {"name": "suite", "value": "test_order_feed_page"}, {"name": "subSuite", "value": "TestOrderFeedPage"}, {"name": "host", "value": "DESKTOP-0TG4V14"}, {"name": "thread", "value": "16064-MainThread"}, {"name": "framework", "value": "pytest"}, {"name": "language", "value": "cpython3"}, {"name": "package", "value": "tests.test_order_feed_page"}]}